<?xml version="1.0" encoding="UTF-8"?>
<!-- Generated by org.testng.reporters.JUnitReportReporter -->
<testsuite hostname="DESKTOP-93B8F71" failures="0" tests="2" name="com.mystore.testcases.HomePageTest" time="13.667" errors="0" timestamp="2022-04-10T11:23:40 EDT" skipped="0">
  <testcase classname="com.mystore.testcases.HomePageTest" name="orderHistoryandDetailsTest" time="6.649"/>
  <system-out/>
  <testcase classname="com.mystore.testcases.HomePageTest" name="wishListTest" time="7.018"/>
  <system-out/>
</testsuite> <!-- com.mystore.testcases.HomePageTest -->
