<?xml version="1.0" encoding="UTF-8"?>
<!-- Generated by org.testng.reporters.JUnitReportReporter -->
<testsuite hostname="DESKTOP-93B8F71" failures="0" tests="1" name="com.mystore.testcases.LoginPageTest" time="7.681" errors="0" timestamp="2022-04-10T11:23:40 EDT" skipped="0">
  <testcase classname="com.mystore.testcases.LoginPageTest" name="loginTest" time="7.681"/>
  <system-out/>
</testsuite> <!-- com.mystore.testcases.LoginPageTest -->
