<?xml version="1.0" encoding="UTF-8"?>
<!-- Generated by org.testng.reporters.JUnitReportReporter -->
<testsuite hostname="DESKTOP-93B8F71" failures="0" tests="1" name="com.mystore.testcases.AddToCartPageTest" time="10.474" errors="0" timestamp="2022-04-06T14:41:14 EDT" skipped="0">
  <testcase classname="com.mystore.testcases.AddToCartPageTest" name="addToCartTest" time="10.474"/>
  <system-out/>
</testsuite> <!-- com.mystore.testcases.AddToCartPageTest -->
