<?xml version="1.0" encoding="UTF-8"?>
<!-- Generated by org.testng.reporters.JUnitReportReporter -->
<testsuite hostname="DESKTOP-93B8F71" failures="0" tests="1" name="com.mystore.testcases.SearchResultPageTest" time="7.948" errors="0" timestamp="2022-04-10T11:23:40 EDT" skipped="0">
  <testcase classname="com.mystore.testcases.SearchResultPageTest" name="productAvailiabilityTest" time="7.948"/>
  <system-out/>
</testsuite> <!-- com.mystore.testcases.SearchResultPageTest -->
