<?xml version="1.0" encoding="UTF-8"?>
<!-- Generated by org.testng.reporters.JUnitReportReporter -->
<testsuite hostname="DESKTOP-93B8F71" failures="0" tests="1" name="com.mystore.testcases.LoginPageTest" time="9.693" errors="0" timestamp="2022-04-06T14:37:29 EDT" skipped="0">
  <testcase classname="com.mystore.testcases.LoginPageTest" name="loginTest" time="9.693"/>
  <system-out/>
</testsuite> <!-- com.mystore.testcases.LoginPageTest -->
