<?xml version="1.0" encoding="UTF-8"?>
<!-- Generated by org.testng.reporters.JUnitReportReporter -->
<testsuite hostname="DESKTOP-93B8F71" failures="0" tests="2" name="com.mystore.testcases.IndexPageTest" time="7.472" errors="0" timestamp="2022-04-10T11:23:40 EDT" skipped="0">
  <testcase classname="com.mystore.testcases.IndexPageTest" name="verifyLogo" time="3.833"/>
  <system-out/>
  <testcase classname="com.mystore.testcases.IndexPageTest" name="verifyTitle" time="3.639"/>
  <system-out/>
</testsuite> <!-- com.mystore.testcases.IndexPageTest -->
