<?xml version="1.0" encoding="UTF-8"?>
<!-- Generated by org.testng.reporters.JUnitReportReporter -->
<testsuite hostname="DESKTOP-93B8F71" failures="0" tests="1" name="com.mystore.testcases.SearchResultPageTest" time="5.594" errors="0" timestamp="2022-04-06T10:39:20 EDT" skipped="0">
  <testcase classname="com.mystore.testcases.SearchResultPageTest" name="productAvailiabilityTest" time="5.594"/>
  <system-out/>
</testsuite> <!-- com.mystore.testcases.SearchResultPageTest -->
